Unity Editor version:    2020.3.42f1 (7ade1201f527)
Branch:                  2020.3/staging
Build type:              Release
Batch mode:              YES
macOS version:           Version 12.5 (Build 21G72)
Darwin version:          21.6.0
Architecture:            x86_64
Running under Rosetta:   YES
Available memory:        16384 MB
Using pre-set license
Pro License: NO

COMMAND LINE ARGUMENTS:
/Applications/Unity/Hub/Editor/2020.3.42f1/Unity.app/Contents/MacOS/Unity
-adb2
-batchMode
-noUpm
-name
AssetImportWorker0
-projectPath
/Users/sreinagel/srcctrl/ProjectFarm/src/AnimalFarm
-logFile
Logs/AssetImportWorker0.log
-srvPort
50194
Successfully changed project path to: /Users/sreinagel/srcctrl/ProjectFarm/src/AnimalFarm
/Users/sreinagel/srcctrl/ProjectFarm/src/AnimalFarm
Using Asset Import Pipeline V2.
Refreshing native plugins compatible for Editor in 307.50 ms, found 2 plugins.
Preloading 0 native plugins for Editor in 0.00 ms.
Initialize engine version: 2020.3.42f1 (7ade1201f527)
[Subsystems] Discovering subsystems at path /Applications/Unity/Hub/Editor/2020.3.42f1/Unity.app/Contents/Resources/UnitySubsystems
[Subsystems] Discovering subsystems at path /Users/sreinagel/srcctrl/ProjectFarm/src/AnimalFarm/Assets
GfxDevice: creating device client; threaded=0
2023-06-19 20:36:21.659 Unity[86590:6819613] (null) preferred device: Apple M1 Pro (high power)
2023-06-19 20:36:21.659 Unity[86590:6819613] Metal devices available: 1
2023-06-19 20:36:21.659 Unity[86590:6819613] 0: Apple M1 Pro (high power)
2023-06-19 20:36:21.659 Unity[86590:6819613] Using device Apple M1 Pro (high power)
Initializing Metal device caps: Apple M1 Pro
Initialize mono
Mono path[0] = '/Applications/Unity/Hub/Editor/2020.3.42f1/Unity.app/Contents/Managed'
Mono path[1] = '/Applications/Unity/Hub/Editor/2020.3.42f1/Unity.app/Contents/MonoBleedingEdge/lib/mono/unityjit'
Mono config path = '/Applications/Unity/Hub/Editor/2020.3.42f1/Unity.app/Contents/MonoBleedingEdge/etc'
Using monoOptions --debugger-agent=transport=dt_socket,embedding=1,server=y,suspend=n,address=127.0.0.1:56590
Begin MonoManager ReloadAssembly
Registering precompiled unity dll's ...
Register platform support module: /Applications/Unity/Hub/Editor/2020.3.42f1/Unity.app/Contents/PlaybackEngines/MacStandaloneSupport/UnityEditor.OSXStandalone.Extensions.dll
Registered in 0.001247 seconds.
Native extension for OSXStandalone target not found
Refreshing native plugins compatible for Editor in 358.76 ms, found 2 plugins.
Preloading 0 native plugins for Editor in 0.00 ms.
Mono: successfully reloaded assembly
- Completed reload, in  1.954 seconds
Domain Reload Profiling:
	ReloadAssembly (1955ms)
		BeginReloadAssembly (287ms)
			ExecutionOrderSort (0ms)
			DisableScriptedObjects (0ms)
			BackupInstance (0ms)
			ReleaseScriptingObjects (0ms)
			CreateAndSetChildDomain (4ms)
		EndReloadAssembly (1531ms)
			LoadAssemblies (284ms)
			RebuildTransferFunctionScriptingTraits (0ms)
			SetupTypeCache (212ms)
			ReleaseScriptCaches (0ms)
			RebuildScriptCaches (46ms)
			SetupLoadedEditorAssemblies (944ms)
				LogAssemblyErrors (0ms)
				InitializePlatformSupportModulesInManaged (15ms)
				SetLoadedEditorAssemblies (0ms)
				RefreshPlugins (359ms)
				BeforeProcessingInitializeOnLoad (35ms)
				ProcessInitializeOnLoadAttributes (386ms)
				ProcessInitializeOnLoadMethodAttributes (147ms)
				AfterProcessingInitializeOnLoad (0ms)
				EditorAssembliesLoaded (1ms)
			ExecutionOrderSort2 (0ms)
			AwakeInstancesAfterBackupRestoration (0ms)
Platform modules already initialized, skipping
Registering precompiled user dll's ...
Registered in 0.008509 seconds.
Begin MonoManager ReloadAssembly
Native extension for OSXStandalone target not found
Refreshing native plugins compatible for Editor in 2.74 ms, found 2 plugins.
Preloading 0 native plugins for Editor in 0.00 ms.
Loading style catalogs (6)
	StyleSheets/Extensions/base/common.uss
	UIPackageResources/StyleSheets/Default/Variables/Public/common.uss
	StyleSheets/Northstar/common.uss
	StyleSheets/Extensions/fonts/inter.uss
	StyleSheets/Extensions/base/dark.uss
	UIPackageResources/StyleSheets/Default/Northstar/Palette/dark.uss
Mono: successfully reloaded assembly
- Completed reload, in  3.065 seconds
Domain Reload Profiling:
	ReloadAssembly (3069ms)
		BeginReloadAssembly (280ms)
			ExecutionOrderSort (0ms)
			DisableScriptedObjects (34ms)
			BackupInstance (0ms)
			ReleaseScriptingObjects (0ms)
			CreateAndSetChildDomain (45ms)
		EndReloadAssembly (2679ms)
			LoadAssemblies (203ms)
			RebuildTransferFunctionScriptingTraits (0ms)
			SetupTypeCache (402ms)
			ReleaseScriptCaches (1ms)
			RebuildScriptCaches (79ms)
			SetupLoadedEditorAssemblies (1736ms)
				LogAssemblyErrors (0ms)
				InitializePlatformSupportModulesInManaged (20ms)
				SetLoadedEditorAssemblies (2ms)
				RefreshPlugins (3ms)
				BeforeProcessingInitializeOnLoad (236ms)
				ProcessInitializeOnLoadAttributes (1387ms)
				ProcessInitializeOnLoadMethodAttributes (88ms)
				AfterProcessingInitializeOnLoad (1ms)
				EditorAssembliesLoaded (1ms)
			ExecutionOrderSort2 (0ms)
			AwakeInstancesAfterBackupRestoration (6ms)
Platform modules already initialized, skipping
Validating Project structure ... 0.104791 seconds.
Shader import version has changed; will reimport all shaders...
Upgrading shader files ...0.124215 seconds.
Application.AssetDatabase Initial Script Refresh Start
RefreshInfo: InitialScriptRefreshV2(NoUpdateAssetOptions) scanfilter:  ... 1 filters
RefreshProfiler: Total: 0.000ms
Application.AssetDatabase Initial Script Refresh End
Application.AssetDatabase.Refresh Start
Application.AssetDatabase.Refresh End
Shader 'TextMeshPro/Distance Field (UIHsvModifier)': fallback shader 'TextMeshPro/Mobile/Distance Field (UIHsv)' not found
RefreshInfo: StopAssetImportingV2(ForceSynchronousImport) scanfilter: 
RefreshProfiler: Total: 0.000ms
Shader 'TextMeshPro/Distance Field (UIHsvModifier)': fallback shader 'TextMeshPro/Mobile/Distance Field (UIHsv)' not found
Launching external process: /Applications/Unity/Hub/Editor/2020.3.42f1/Unity.app/Contents/Tools/UnityShaderCompiler
Launched and connected shader compiler UnityShaderCompiler after 0.04 seconds
Initializing Unity extensions:
2023-06-19 20:36:28.988 Unity[86590:6819613] NSEventModifierFlagFunction specified to -setKeyEquivalentModifierMask: for item <NSMenuItem: 0x7f95a7222d30 Show Toolbar, ke='Command-F8'>, but is only supported for system-provided menu items; will not be used
2023-06-19 20:36:28.989 Unity[86590:6819613] NSEventModifierFlagFunction specified to -setKeyEquivalentModifierMask: for item <NSMenuItem: 0x7f95c06abc80 Focused View, ke='Command-F9'>, but is only supported for system-provided menu items; will not be used
2023-06-19 20:36:28.989 Unity[86590:6819613] NSEventModifierFlagFunction specified to -setKeyEquivalentModifierMask: for item <NSMenuItem: 0x7f95c06abf10 Game View, ke='Command-F10'>, but is only supported for system-provided menu items; will not be used
2023-06-19 20:36:28.989 Unity[86590:6819613] NSEventModifierFlagFunction specified to -setKeyEquivalentModifierMask: for item <NSMenuItem: 0x7f95c06ac1a0 Scene View, ke='Command-F11'>, but is only supported for system-provided menu items; will not be used
2023-06-19 20:36:28.989 Unity[86590:6819613] NSEventModifierFlagFunction specified to -setKeyEquivalentModifierMask: for item <NSMenuItem: 0x7f95c06ac430 Main View, ke='Command-F12'>, but is only supported for system-provided menu items; will not be used
2023-06-19 20:36:28.989 Unity[86590:6819613] NSEventModifierFlagFunction specified to -setKeyEquivalentModifierMask: for item <NSMenuItem: 0x7f95c06ac990 Mosaic, ke='Command-F10'>, but is only supported for system-provided menu items; will not be used
2023-06-19 20:36:28.989 Unity[86590:6819613] NSEventModifierFlagFunction specified to -setKeyEquivalentModifierMask: for item <NSMenuItem: 0x7f95c06ace00 Close All, ke='Command-F12'>, but is only supported for system-provided menu items; will not be used
2023-06-19 20:36:28.993 Unity[86590:6819613] NSEventModifierFlagFunction specified to -setKeyEquivalentModifierMask: for item <NSMenuItem: 0x7f95a74aca90 Font Asset, ke='Command-F12'>, but is only supported for system-provided menu items; will not be used
2023-06-19 20:36:28.995 Unity[86590:6819613] NSEventModifierFlagFunction specified to -setKeyEquivalentModifierMask: for item <NSMenuItem: 0x7f95a74cbdc0 Show Toolbar, ke='Command-F8'>, but is only supported for system-provided menu items; will not be used
2023-06-19 20:36:28.995 Unity[86590:6819613] NSEventModifierFlagFunction specified to -setKeyEquivalentModifierMask: for item <NSMenuItem: 0x7f95a74cc300 Focused View, ke='Command-F9'>, but is only supported for system-provided menu items; will not be used
2023-06-19 20:36:28.995 Unity[86590:6819613] NSEventModifierFlagFunction specified to -setKeyEquivalentModifierMask: for item <NSMenuItem: 0x7f95a74cc590 Game View, ke='Command-F10'>, but is only supported for system-provided menu items; will not be used
2023-06-19 20:36:28.995 Unity[86590:6819613] NSEventModifierFlagFunction specified to -setKeyEquivalentModifierMask: for item <NSMenuItem: 0x7f95a74cc820 Scene View, ke='Command-F11'>, but is only supported for system-provided menu items; will not be used
2023-06-19 20:36:28.995 Unity[86590:6819613] NSEventModifierFlagFunction specified to -setKeyEquivalentModifierMask: for item <NSMenuItem: 0x7f95a74ccad0 Main View, ke='Command-F12'>, but is only supported for system-provided menu items; will not be used
2023-06-19 20:36:28.995 Unity[86590:6819613] NSEventModifierFlagFunction specified to -setKeyEquivalentModifierMask: for item <NSMenuItem: 0x7f95a74ccdc0 Mosaic, ke='Command-F10'>, but is only supported for system-provided menu items; will not be used
2023-06-19 20:36:28.995 Unity[86590:6819613] NSEventModifierFlagFunction specified to -setKeyEquivalentModifierMask: for item <NSMenuItem: 0x7f95a74cd250 Close All, ke='Command-F12'>, but is only supported for system-provided menu items; will not be used
2023-06-19 20:36:29.000 Unity[86590:6819613] NSEventModifierFlagFunction specified to -setKeyEquivalentModifierMask: for item <NSMenuItem: 0x7f95c1b11fd0 Font Asset, ke='Command-F12'>, but is only supported for system-provided menu items; will not be used
========================================================================
Worker process is ready to serve import requests
Shader 'TextMeshPro/Distance Field (UIHsvModifier)': fallback shader 'TextMeshPro/Mobile/Distance Field (UIHsv)' not found
Refreshing native plugins compatible for Editor in 1.93 ms, found 2 plugins.
Preloading 0 native plugins for Editor in 0.00 ms.
Unloading 2376 Unused Serialized files (Serialized files now loaded: 0)
System memory in use before: 256.9 MB.
System memory in use after: 253.6 MB.

Unloading 375 unused Assets to reduce memory usage. Loaded Objects now: 2855.
Total: 6.234416 ms (FindLiveObjects: 0.148167 ms CreateObjectMapping: 0.058916 ms MarkObjects: 4.602875 ms  DeleteObjects: 1.423084 ms)

AssetImportParameters requested are different than current active one (requested -> active):
  custom:video-decoder-ogg-theora: a1e56fd34408186e4bbccfd4996cb3dc -> 
  custom:container-muxer-webm: aa71ff27fc2769a1b78a27578f13a17b -> 
  custom:container-demuxer-webm: 4f35f7cbe854078d1ac9338744f61a02 -> 
  custom:container-demuxer-ogg: 62fdf1f143b41e24485cea50d1cbac27 -> 
  custom:video-encoder-webm-vp8: eb34c28f22e8b96e1ab97ce403110664 -> 
  custom:framework-osx-AVFoundation: e770b220cccbd017edd2c1fefb359320 -> 
  custom:video-decoder-webm-vp8: 9c59270c3fd7afecdb556c50c9e8de78 -> 
  custom:audio-decoder-ogg-vorbis: bf7c407c2cedff20999df2af8eb42d56 -> 
  custom:audio-encoder-webm-vorbis: bf7c407c2cedff20999df2af8eb42d56 -> 
========================================================================
Received Import Request.
  path: Assets/GamePieces/G_Barn.prefab
  artifactKey: Guid(c474d55d3bfc1cd4799868a8397beb95) Importer(815301076,1909f56bfc062723c751e8b465ee728b)
Start importing Assets/GamePieces/G_Barn.prefab using Guid(c474d55d3bfc1cd4799868a8397beb95) Importer(815301076,1909f56bfc062723c751e8b465ee728b)  -> (artifact id: 'e9d7cdb9489019c84e6b6df47eb1b949') in 0.449385 seconds 
========================================================================
Received Prepare
Registering precompiled user dll's ...
Registered in 0.003382 seconds.
Begin MonoManager ReloadAssembly
Native extension for OSXStandalone target not found
Refreshing native plugins compatible for Editor in 2.05 ms, found 2 plugins.
Preloading 0 native plugins for Editor in 0.00 ms.
2023-06-19 20:37:29.557 Unity[86590:6819613] NSEventModifierFlagFunction specified to -setKeyEquivalentModifierMask: for item <NSMenuItem: 0x7f95a759bfc0 Show Toolbar, ke='Command-F8'>, but is only supported for system-provided menu items; will not be used
2023-06-19 20:37:29.557 Unity[86590:6819613] NSEventModifierFlagFunction specified to -setKeyEquivalentModifierMask: for item <NSMenuItem: 0x7f95a759c560 Focused View, ke='Command-F9'>, but is only supported for system-provided menu items; will not be used
2023-06-19 20:37:29.557 Unity[86590:6819613] NSEventModifierFlagFunction specified to -setKeyEquivalentModifierMask: for item <NSMenuItem: 0x7f95a759c7f0 Game View, ke='Command-F10'>, but is only supported for system-provided menu items; will not be used
2023-06-19 20:37:29.557 Unity[86590:6819613] NSEventModifierFlagFunction specified to -setKeyEquivalentModifierMask: for item <NSMenuItem: 0x7f95a759cab0 Scene View, ke='Command-F11'>, but is only supported for system-provided menu items; will not be used
2023-06-19 20:37:29.557 Unity[86590:6819613] NSEventModifierFlagFunction specified to -setKeyEquivalentModifierMask: for item <NSMenuItem: 0x7f95a759cd50 Main View, ke='Command-F12'>, but is only supported for system-provided menu items; will not be used
2023-06-19 20:37:29.557 Unity[86590:6819613] NSEventModifierFlagFunction specified to -setKeyEquivalentModifierMask: for item <NSMenuItem: 0x7f95a759d040 Mosaic, ke='Command-F10'>, but is only supported for system-provided menu items; will not be used
2023-06-19 20:37:29.558 Unity[86590:6819613] NSEventModifierFlagFunction specified to -setKeyEquivalentModifierMask: for item <NSMenuItem: 0x7f95a759d4d0 Close All, ke='Command-F12'>, but is only supported for system-provided menu items; will not be used
2023-06-19 20:37:29.562 Unity[86590:6819613] NSEventModifierFlagFunction specified to -setKeyEquivalentModifierMask: for item <NSMenuItem: 0x7f95c1a0ed70 Font Asset, ke='Command-F12'>, but is only supported for system-provided menu items; will not be used
Loading style catalogs (6)
	StyleSheets/Extensions/base/common.uss
	UIPackageResources/StyleSheets/Default/Variables/Public/common.uss
	StyleSheets/Northstar/common.uss
	StyleSheets/Extensions/fonts/inter.uss
	StyleSheets/Extensions/base/dark.uss
	UIPackageResources/StyleSheets/Default/Northstar/Palette/dark.uss
Mono: successfully reloaded assembly
- Completed reload, in  3.159 seconds
Domain Reload Profiling:
	ReloadAssembly (3161ms)
		BeginReloadAssembly (341ms)
			ExecutionOrderSort (0ms)
			DisableScriptedObjects (45ms)
			BackupInstance (0ms)
			ReleaseScriptingObjects (1ms)
			CreateAndSetChildDomain (137ms)
		EndReloadAssembly (2711ms)
			LoadAssemblies (241ms)
			RebuildTransferFunctionScriptingTraits (0ms)
			SetupTypeCache (428ms)
			ReleaseScriptCaches (1ms)
			RebuildScriptCaches (56ms)
			SetupLoadedEditorAssemblies (1665ms)
				LogAssemblyErrors (0ms)
				InitializePlatformSupportModulesInManaged (16ms)
				SetLoadedEditorAssemblies (2ms)
				RefreshPlugins (2ms)
				BeforeProcessingInitializeOnLoad (269ms)
				ProcessInitializeOnLoadAttributes (1289ms)
				ProcessInitializeOnLoadMethodAttributes (86ms)
				AfterProcessingInitializeOnLoad (1ms)
				EditorAssembliesLoaded (1ms)
			ExecutionOrderSort2 (0ms)
			AwakeInstancesAfterBackupRestoration (14ms)
Platform modules already initialized, skipping
Shader 'TextMeshPro/Distance Field (UIHsvModifier)': fallback shader 'TextMeshPro/Mobile/Distance Field (UIHsv)' not found
Shader 'TextMeshPro/Distance Field (UIHsvModifier)': fallback shader 'TextMeshPro/Mobile/Distance Field (UIHsv)' not found
Refreshing native plugins compatible for Editor in 1.85 ms, found 2 plugins.
Preloading 0 native plugins for Editor in 0.00 ms.
Unloading 2295 Unused Serialized files (Serialized files now loaded: 0)
System memory in use before: 262.2 MB.
System memory in use after: 261.9 MB.

Unloading 33 unused Assets to reduce memory usage. Loaded Objects now: 2878.
Total: 3.409584 ms (FindLiveObjects: 0.124458 ms CreateObjectMapping: 0.048792 ms MarkObjects: 2.870791 ms  DeleteObjects: 0.364375 ms)

AssetImportParameters requested are different than current active one (requested -> active):
  custom:video-decoder-ogg-theora: a1e56fd34408186e4bbccfd4996cb3dc -> 
  custom:container-muxer-webm: aa71ff27fc2769a1b78a27578f13a17b -> 
  custom:container-demuxer-webm: 4f35f7cbe854078d1ac9338744f61a02 -> 
  custom:container-demuxer-ogg: 62fdf1f143b41e24485cea50d1cbac27 -> 
  custom:video-encoder-webm-vp8: eb34c28f22e8b96e1ab97ce403110664 -> 
  custom:framework-osx-AVFoundation: e770b220cccbd017edd2c1fefb359320 -> 
  custom:video-decoder-webm-vp8: 9c59270c3fd7afecdb556c50c9e8de78 -> 
  custom:audio-decoder-ogg-vorbis: bf7c407c2cedff20999df2af8eb42d56 -> 
  custom:audio-encoder-webm-vorbis: bf7c407c2cedff20999df2af8eb42d56 -> 
========================================================================
Received Import Request.
  Time since last request: 78.321315 seconds.
  path: ProjectSettings/TagManager.asset
  artifactKey: Guid(00000000000000003000000000000000) Importer(815301076,1909f56bfc062723c751e8b465ee728b)
Start importing ProjectSettings/TagManager.asset using Guid(00000000000000003000000000000000) Importer(815301076,1909f56bfc062723c751e8b465ee728b)  -> (artifact id: '7e0c024575cbe7d5af849faec6baddb1') in 0.193063 seconds 
========================================================================
Received Import Request.
  Time since last request: 12.012297 seconds.
  path: Assets/GamePieces/G_Barn.prefab
  artifactKey: Guid(c474d55d3bfc1cd4799868a8397beb95) Importer(815301076,1909f56bfc062723c751e8b465ee728b)
Start importing Assets/GamePieces/G_Barn.prefab using Guid(c474d55d3bfc1cd4799868a8397beb95) Importer(815301076,1909f56bfc062723c751e8b465ee728b)  -> (artifact id: '7df9b12e28fc9ebd32b20d29848b5953') in 0.282357 seconds 
========================================================================
Received Prepare
Registering precompiled user dll's ...
Registered in 0.003414 seconds.
Begin MonoManager ReloadAssembly
Native extension for OSXStandalone target not found
Refreshing native plugins compatible for Editor in 2.87 ms, found 2 plugins.
Preloading 0 native plugins for Editor in 0.00 ms.
2023-06-19 20:38:58.477 Unity[86590:6819613] NSEventModifierFlagFunction specified to -setKeyEquivalentModifierMask: for item <NSMenuItem: 0x7f95a759bfc0 Show Toolbar, ke='Command-F8'>, but is only supported for system-provided menu items; will not be used
2023-06-19 20:38:58.477 Unity[86590:6819613] NSEventModifierFlagFunction specified to -setKeyEquivalentModifierMask: for item <NSMenuItem: 0x7f95a759c730 Focused View, ke='Command-F9'>, but is only supported for system-provided menu items; will not be used
2023-06-19 20:38:58.477 Unity[86590:6819613] NSEventModifierFlagFunction specified to -setKeyEquivalentModifierMask: for item <NSMenuItem: 0x7f95a759cd40 Game View, ke='Command-F10'>, but is only supported for system-provided menu items; will not be used
2023-06-19 20:38:58.477 Unity[86590:6819613] NSEventModifierFlagFunction specified to -setKeyEquivalentModifierMask: for item <NSMenuItem: 0x7f95a7542160 Scene View, ke='Command-F11'>, but is only supported for system-provided menu items; will not be used
2023-06-19 20:38:58.477 Unity[86590:6819613] NSEventModifierFlagFunction specified to -setKeyEquivalentModifierMask: for item <NSMenuItem: 0x7f95a75f4830 Main View, ke='Command-F12'>, but is only supported for system-provided menu items; will not be used
2023-06-19 20:38:58.477 Unity[86590:6819613] NSEventModifierFlagFunction specified to -setKeyEquivalentModifierMask: for item <NSMenuItem: 0x7f95a75f4af0 Mosaic, ke='Command-F10'>, but is only supported for system-provided menu items; will not be used
2023-06-19 20:38:58.477 Unity[86590:6819613] NSEventModifierFlagFunction specified to -setKeyEquivalentModifierMask: for item <NSMenuItem: 0x7f95a75f2420 Close All, ke='Command-F12'>, but is only supported for system-provided menu items; will not be used
2023-06-19 20:38:58.482 Unity[86590:6819613] NSEventModifierFlagFunction specified to -setKeyEquivalentModifierMask: for item <NSMenuItem: 0x7f95a77aa7e0 Font Asset, ke='Command-F12'>, but is only supported for system-provided menu items; will not be used
Loading style catalogs (6)
	StyleSheets/Extensions/base/common.uss
	UIPackageResources/StyleSheets/Default/Variables/Public/common.uss
	StyleSheets/Northstar/common.uss
	StyleSheets/Extensions/fonts/inter.uss
	StyleSheets/Extensions/base/dark.uss
	UIPackageResources/StyleSheets/Default/Northstar/Palette/dark.uss
Mono: successfully reloaded assembly
- Completed reload, in  3.468 seconds
Domain Reload Profiling:
	ReloadAssembly (3469ms)
		BeginReloadAssembly (346ms)
			ExecutionOrderSort (0ms)
			DisableScriptedObjects (37ms)
			BackupInstance (0ms)
			ReleaseScriptingObjects (0ms)
			CreateAndSetChildDomain (148ms)
		EndReloadAssembly (3011ms)
			LoadAssemblies (264ms)
			RebuildTransferFunctionScriptingTraits (0ms)
			SetupTypeCache (427ms)
			ReleaseScriptCaches (3ms)
			RebuildScriptCaches (59ms)
			SetupLoadedEditorAssemblies (1886ms)
				LogAssemblyErrors (0ms)
				InitializePlatformSupportModulesInManaged (19ms)
				SetLoadedEditorAssemblies (2ms)
				RefreshPlugins (3ms)
				BeforeProcessingInitializeOnLoad (325ms)
				ProcessInitializeOnLoadAttributes (1419ms)
				ProcessInitializeOnLoadMethodAttributes (116ms)
				AfterProcessingInitializeOnLoad (1ms)
				EditorAssembliesLoaded (1ms)
			ExecutionOrderSort2 (0ms)
			AwakeInstancesAfterBackupRestoration (32ms)
Platform modules already initialized, skipping
Shader 'TextMeshPro/Distance Field (UIHsvModifier)': fallback shader 'TextMeshPro/Mobile/Distance Field (UIHsv)' not found
Shader 'TextMeshPro/Distance Field (UIHsvModifier)': fallback shader 'TextMeshPro/Mobile/Distance Field (UIHsv)' not found
Refreshing native plugins compatible for Editor in 2.30 ms, found 2 plugins.
Preloading 0 native plugins for Editor in 0.00 ms.
Unloading 2295 Unused Serialized files (Serialized files now loaded: 0)
System memory in use before: 267.3 MB.
System memory in use after: 267.0 MB.

Unloading 33 unused Assets to reduce memory usage. Loaded Objects now: 2894.
Total: 15.858375 ms (FindLiveObjects: 0.399959 ms CreateObjectMapping: 0.118584 ms MarkObjects: 14.769666 ms  DeleteObjects: 0.568250 ms)

AssetImportParameters requested are different than current active one (requested -> active):
  custom:video-decoder-ogg-theora: a1e56fd34408186e4bbccfd4996cb3dc -> 
  custom:container-muxer-webm: aa71ff27fc2769a1b78a27578f13a17b -> 
  custom:container-demuxer-webm: 4f35f7cbe854078d1ac9338744f61a02 -> 
  custom:container-demuxer-ogg: 62fdf1f143b41e24485cea50d1cbac27 -> 
  custom:video-encoder-webm-vp8: eb34c28f22e8b96e1ab97ce403110664 -> 
  custom:framework-osx-AVFoundation: e770b220cccbd017edd2c1fefb359320 -> 
  custom:video-decoder-webm-vp8: 9c59270c3fd7afecdb556c50c9e8de78 -> 
  custom:audio-decoder-ogg-vorbis: bf7c407c2cedff20999df2af8eb42d56 -> 
  custom:audio-encoder-webm-vorbis: bf7c407c2cedff20999df2af8eb42d56 -> 
========================================================================
Received Prepare
Registering precompiled user dll's ...
Registered in 0.003062 seconds.
Begin MonoManager ReloadAssembly
Native extension for OSXStandalone target not found
Refreshing native plugins compatible for Editor in 3.48 ms, found 2 plugins.
Preloading 0 native plugins for Editor in 0.00 ms.
2023-06-19 20:39:56.080 Unity[86590:6819613] NSEventModifierFlagFunction specified to -setKeyEquivalentModifierMask: for item <NSMenuItem: 0x7f95a7118880 Show Toolbar, ke='Command-F8'>, but is only supported for system-provided menu items; will not be used
2023-06-19 20:39:56.080 Unity[86590:6819613] NSEventModifierFlagFunction specified to -setKeyEquivalentModifierMask: for item <NSMenuItem: 0x7f95a7118e20 Focused View, ke='Command-F9'>, but is only supported for system-provided menu items; will not be used
2023-06-19 20:39:56.080 Unity[86590:6819613] NSEventModifierFlagFunction specified to -setKeyEquivalentModifierMask: for item <NSMenuItem: 0x7f95a71190b0 Game View, ke='Command-F10'>, but is only supported for system-provided menu items; will not be used
2023-06-19 20:39:56.080 Unity[86590:6819613] NSEventModifierFlagFunction specified to -setKeyEquivalentModifierMask: for item <NSMenuItem: 0x7f95a7119370 Scene View, ke='Command-F11'>, but is only supported for system-provided menu items; will not be used
2023-06-19 20:39:56.081 Unity[86590:6819613] NSEventModifierFlagFunction specified to -setKeyEquivalentModifierMask: for item <NSMenuItem: 0x7f95a7119610 Main View, ke='Command-F12'>, but is only supported for system-provided menu items; will not be used
2023-06-19 20:39:56.081 Unity[86590:6819613] NSEventModifierFlagFunction specified to -setKeyEquivalentModifierMask: for item <NSMenuItem: 0x7f95a7119900 Mosaic, ke='Command-F10'>, but is only supported for system-provided menu items; will not be used
2023-06-19 20:39:56.081 Unity[86590:6819613] NSEventModifierFlagFunction specified to -setKeyEquivalentModifierMask: for item <NSMenuItem: 0x7f95a7119d90 Close All, ke='Command-F12'>, but is only supported for system-provided menu items; will not be used
2023-06-19 20:39:56.089 Unity[86590:6819613] NSEventModifierFlagFunction specified to -setKeyEquivalentModifierMask: for item <NSMenuItem: 0x7f95c0704260 Font Asset, ke='Command-F12'>, but is only supported for system-provided menu items; will not be used
Loading style catalogs (6)
	StyleSheets/Extensions/base/common.uss
	UIPackageResources/StyleSheets/Default/Variables/Public/common.uss
	StyleSheets/Northstar/common.uss
	StyleSheets/Extensions/fonts/inter.uss
	StyleSheets/Extensions/base/dark.uss
	UIPackageResources/StyleSheets/Default/Northstar/Palette/dark.uss
Mono: successfully reloaded assembly
- Completed reload, in  3.870 seconds
Domain Reload Profiling:
	ReloadAssembly (3873ms)
		BeginReloadAssembly (430ms)
			ExecutionOrderSort (0ms)
			DisableScriptedObjects (50ms)
			BackupInstance (0ms)
			ReleaseScriptingObjects (0ms)
			CreateAndSetChildDomain (198ms)
		EndReloadAssembly (3327ms)
			LoadAssemblies (256ms)
			RebuildTransferFunctionScriptingTraits (0ms)
			SetupTypeCache (517ms)
			ReleaseScriptCaches (12ms)
			RebuildScriptCaches (70ms)
			SetupLoadedEditorAssemblies (2047ms)
				LogAssemblyErrors (0ms)
				InitializePlatformSupportModulesInManaged (19ms)
				SetLoadedEditorAssemblies (3ms)
				RefreshPlugins (4ms)
				BeforeProcessingInitializeOnLoad (306ms)
				ProcessInitializeOnLoadAttributes (1621ms)
				ProcessInitializeOnLoadMethodAttributes (93ms)
				AfterProcessingInitializeOnLoad (1ms)
				EditorAssembliesLoaded (1ms)
			ExecutionOrderSort2 (0ms)
			AwakeInstancesAfterBackupRestoration (31ms)
Platform modules already initialized, skipping
Shader 'TextMeshPro/Distance Field (UIHsvModifier)': fallback shader 'TextMeshPro/Mobile/Distance Field (UIHsv)' not found
Shader 'TextMeshPro/Distance Field (UIHsvModifier)': fallback shader 'TextMeshPro/Mobile/Distance Field (UIHsv)' not found
Refreshing native plugins compatible for Editor in 2.07 ms, found 2 plugins.
Preloading 0 native plugins for Editor in 0.00 ms.
Unloading 2295 Unused Serialized files (Serialized files now loaded: 0)
System memory in use before: 267.6 MB.
System memory in use after: 267.3 MB.

Unloading 32 unused Assets to reduce memory usage. Loaded Objects now: 2909.
Total: 3.712500 ms (FindLiveObjects: 0.154875 ms CreateObjectMapping: 0.048208 ms MarkObjects: 3.047209 ms  DeleteObjects: 0.461042 ms)

AssetImportParameters requested are different than current active one (requested -> active):
  custom:video-decoder-ogg-theora: a1e56fd34408186e4bbccfd4996cb3dc -> 
  custom:container-muxer-webm: aa71ff27fc2769a1b78a27578f13a17b -> 
  custom:container-demuxer-webm: 4f35f7cbe854078d1ac9338744f61a02 -> 
  custom:container-demuxer-ogg: 62fdf1f143b41e24485cea50d1cbac27 -> 
  custom:video-encoder-webm-vp8: eb34c28f22e8b96e1ab97ce403110664 -> 
  custom:framework-osx-AVFoundation: e770b220cccbd017edd2c1fefb359320 -> 
  custom:video-decoder-webm-vp8: 9c59270c3fd7afecdb556c50c9e8de78 -> 
  custom:audio-decoder-ogg-vorbis: bf7c407c2cedff20999df2af8eb42d56 -> 
  custom:audio-encoder-webm-vorbis: bf7c407c2cedff20999df2af8eb42d56 -> 
========================================================================
Received Prepare
Registering precompiled user dll's ...
Registered in 0.003922 seconds.
Begin MonoManager ReloadAssembly
Native extension for OSXStandalone target not found
Refreshing native plugins compatible for Editor in 3.37 ms, found 2 plugins.
Preloading 0 native plugins for Editor in 0.00 ms.
2023-06-19 20:40:45.856 Unity[86590:6819613] NSEventModifierFlagFunction specified to -setKeyEquivalentModifierMask: for item <NSMenuItem: 0x7f95f76adc50 Show Toolbar, ke='Command-F8'>, but is only supported for system-provided menu items; will not be used
2023-06-19 20:40:45.856 Unity[86590:6819613] NSEventModifierFlagFunction specified to -setKeyEquivalentModifierMask: for item <NSMenuItem: 0x7f95f7428a10 Focused View, ke='Command-F9'>, but is only supported for system-provided menu items; will not be used
2023-06-19 20:40:45.856 Unity[86590:6819613] NSEventModifierFlagFunction specified to -setKeyEquivalentModifierMask: for item <NSMenuItem: 0x7f95f745e7c0 Game View, ke='Command-F10'>, but is only supported for system-provided menu items; will not be used
2023-06-19 20:40:45.856 Unity[86590:6819613] NSEventModifierFlagFunction specified to -setKeyEquivalentModifierMask: for item <NSMenuItem: 0x7f95f745ea80 Scene View, ke='Command-F11'>, but is only supported for system-provided menu items; will not be used
2023-06-19 20:40:45.856 Unity[86590:6819613] NSEventModifierFlagFunction specified to -setKeyEquivalentModifierMask: for item <NSMenuItem: 0x7f95f745ed10 Main View, ke='Command-F12'>, but is only supported for system-provided menu items; will not be used
2023-06-19 20:40:45.856 Unity[86590:6819613] NSEventModifierFlagFunction specified to -setKeyEquivalentModifierMask: for item <NSMenuItem: 0x7f95f67b4970 Mosaic, ke='Command-F10'>, but is only supported for system-provided menu items; will not be used
2023-06-19 20:40:45.857 Unity[86590:6819613] NSEventModifierFlagFunction specified to -setKeyEquivalentModifierMask: for item <NSMenuItem: 0x7f95f76549f0 Close All, ke='Command-F12'>, but is only supported for system-provided menu items; will not be used
2023-06-19 20:40:45.862 Unity[86590:6819613] NSEventModifierFlagFunction specified to -setKeyEquivalentModifierMask: for item <NSMenuItem: 0x7f95c1bcca30 Font Asset, ke='Command-F12'>, but is only supported for system-provided menu items; will not be used
Loading style catalogs (6)
	StyleSheets/Extensions/base/common.uss
	UIPackageResources/StyleSheets/Default/Variables/Public/common.uss
	StyleSheets/Northstar/common.uss
	StyleSheets/Extensions/fonts/inter.uss
	StyleSheets/Extensions/base/dark.uss
	UIPackageResources/StyleSheets/Default/Northstar/Palette/dark.uss
Mono: successfully reloaded assembly
- Completed reload, in  3.590 seconds
Domain Reload Profiling:
	ReloadAssembly (3595ms)
		BeginReloadAssembly (408ms)
			ExecutionOrderSort (0ms)
			DisableScriptedObjects (41ms)
			BackupInstance (0ms)
			ReleaseScriptingObjects (0ms)
			CreateAndSetChildDomain (180ms)
		EndReloadAssembly (3066ms)
			LoadAssemblies (300ms)
			RebuildTransferFunctionScriptingTraits (0ms)
			SetupTypeCache (463ms)
			ReleaseScriptCaches (12ms)
			RebuildScriptCaches (62ms)
			SetupLoadedEditorAssemblies (1872ms)
				LogAssemblyErrors (0ms)
				InitializePlatformSupportModulesInManaged (22ms)
				SetLoadedEditorAssemblies (2ms)
				RefreshPlugins (3ms)
				BeforeProcessingInitializeOnLoad (302ms)
				ProcessInitializeOnLoadAttributes (1436ms)
				ProcessInitializeOnLoadMethodAttributes (103ms)
				AfterProcessingInitializeOnLoad (1ms)
				EditorAssembliesLoaded (1ms)
			ExecutionOrderSort2 (0ms)
			AwakeInstancesAfterBackupRestoration (33ms)
Platform modules already initialized, skipping
Shader 'TextMeshPro/Distance Field (UIHsvModifier)': fallback shader 'TextMeshPro/Mobile/Distance Field (UIHsv)' not found
Shader 'TextMeshPro/Distance Field (UIHsvModifier)': fallback shader 'TextMeshPro/Mobile/Distance Field (UIHsv)' not found
Refreshing native plugins compatible for Editor in 2.42 ms, found 2 plugins.
Preloading 0 native plugins for Editor in 0.00 ms.
Unloading 2295 Unused Serialized files (Serialized files now loaded: 0)
System memory in use before: 268.1 MB.
System memory in use after: 267.8 MB.

Unloading 32 unused Assets to reduce memory usage. Loaded Objects now: 2924.
Total: 4.332500 ms (FindLiveObjects: 0.182458 ms CreateObjectMapping: 0.049709 ms MarkObjects: 3.609250 ms  DeleteObjects: 0.489750 ms)

AssetImportParameters requested are different than current active one (requested -> active):
  custom:video-decoder-ogg-theora: a1e56fd34408186e4bbccfd4996cb3dc -> 
  custom:container-muxer-webm: aa71ff27fc2769a1b78a27578f13a17b -> 
  custom:container-demuxer-webm: 4f35f7cbe854078d1ac9338744f61a02 -> 
  custom:container-demuxer-ogg: 62fdf1f143b41e24485cea50d1cbac27 -> 
  custom:video-encoder-webm-vp8: eb34c28f22e8b96e1ab97ce403110664 -> 
  custom:framework-osx-AVFoundation: e770b220cccbd017edd2c1fefb359320 -> 
  custom:video-decoder-webm-vp8: 9c59270c3fd7afecdb556c50c9e8de78 -> 
  custom:audio-decoder-ogg-vorbis: bf7c407c2cedff20999df2af8eb42d56 -> 
  custom:audio-encoder-webm-vorbis: bf7c407c2cedff20999df2af8eb42d56 -> 
========================================================================
Received Prepare
Registering precompiled user dll's ...
Registered in 0.008640 seconds.
Begin MonoManager ReloadAssembly
Native extension for OSXStandalone target not found
Refreshing native plugins compatible for Editor in 4.96 ms, found 2 plugins.
Preloading 0 native plugins for Editor in 0.00 ms.
2023-06-19 20:41:16.378 Unity[86590:6819613] NSEventModifierFlagFunction specified to -setKeyEquivalentModifierMask: for item <NSMenuItem: 0x7f95f76adc50 Show Toolbar, ke='Command-F8'>, but is only supported for system-provided menu items; will not be used
2023-06-19 20:41:16.378 Unity[86590:6819613] NSEventModifierFlagFunction specified to -setKeyEquivalentModifierMask: for item <NSMenuItem: 0x7f95c0139630 Focused View, ke='Command-F9'>, but is only supported for system-provided menu items; will not be used
2023-06-19 20:41:16.378 Unity[86590:6819613] NSEventModifierFlagFunction specified to -setKeyEquivalentModifierMask: for item <NSMenuItem: 0x7f95c0137e90 Game View, ke='Command-F10'>, but is only supported for system-provided menu items; will not be used
2023-06-19 20:41:16.378 Unity[86590:6819613] NSEventModifierFlagFunction specified to -setKeyEquivalentModifierMask: for item <NSMenuItem: 0x7f95c07c5fd0 Scene View, ke='Command-F11'>, but is only supported for system-provided menu items; will not be used
2023-06-19 20:41:16.378 Unity[86590:6819613] NSEventModifierFlagFunction specified to -setKeyEquivalentModifierMask: for item <NSMenuItem: 0x7f95c0780b20 Main View, ke='Command-F12'>, but is only supported for system-provided menu items; will not be used
2023-06-19 20:41:16.378 Unity[86590:6819613] NSEventModifierFlagFunction specified to -setKeyEquivalentModifierMask: for item <NSMenuItem: 0x7f95c0779890 Mosaic, ke='Command-F10'>, but is only supported for system-provided menu items; will not be used
2023-06-19 20:41:16.378 Unity[86590:6819613] NSEventModifierFlagFunction specified to -setKeyEquivalentModifierMask: for item <NSMenuItem: 0x7f95c0780e50 Close All, ke='Command-F12'>, but is only supported for system-provided menu items; will not be used
2023-06-19 20:41:16.384 Unity[86590:6819613] NSEventModifierFlagFunction specified to -setKeyEquivalentModifierMask: for item <NSMenuItem: 0x7f95a7796d80 Font Asset, ke='Command-F12'>, but is only supported for system-provided menu items; will not be used
Loading style catalogs (6)
	StyleSheets/Extensions/base/common.uss
	UIPackageResources/StyleSheets/Default/Variables/Public/common.uss
	StyleSheets/Northstar/common.uss
	StyleSheets/Extensions/fonts/inter.uss
	StyleSheets/Extensions/base/dark.uss
	UIPackageResources/StyleSheets/Default/Northstar/Palette/dark.uss
Mono: successfully reloaded assembly
- Completed reload, in  3.903 seconds
Domain Reload Profiling:
	ReloadAssembly (3922ms)
		BeginReloadAssembly (544ms)
			ExecutionOrderSort (0ms)
			DisableScriptedObjects (36ms)
			BackupInstance (0ms)
			ReleaseScriptingObjects (0ms)
			CreateAndSetChildDomain (206ms)
		EndReloadAssembly (3255ms)
			LoadAssemblies (338ms)
			RebuildTransferFunctionScriptingTraits (0ms)
			SetupTypeCache (428ms)
			ReleaseScriptCaches (18ms)
			RebuildScriptCaches (71ms)
			SetupLoadedEditorAssemblies (2034ms)
				LogAssemblyErrors (0ms)
				InitializePlatformSupportModulesInManaged (25ms)
				SetLoadedEditorAssemblies (3ms)
				RefreshPlugins (5ms)
				BeforeProcessingInitializeOnLoad (341ms)
				ProcessInitializeOnLoadAttributes (1559ms)
				ProcessInitializeOnLoadMethodAttributes (98ms)
				AfterProcessingInitializeOnLoad (1ms)
				EditorAssembliesLoaded (1ms)
			ExecutionOrderSort2 (0ms)
			AwakeInstancesAfterBackupRestoration (40ms)
Platform modules already initialized, skipping
Shader 'TextMeshPro/Distance Field (UIHsvModifier)': fallback shader 'TextMeshPro/Mobile/Distance Field (UIHsv)' not found
Shader 'TextMeshPro/Distance Field (UIHsvModifier)': fallback shader 'TextMeshPro/Mobile/Distance Field (UIHsv)' not found
Refreshing native plugins compatible for Editor in 2.27 ms, found 2 plugins.
Preloading 0 native plugins for Editor in 0.00 ms.
Unloading 2295 Unused Serialized files (Serialized files now loaded: 0)
System memory in use before: 268.3 MB.
System memory in use after: 268.0 MB.

Unloading 32 unused Assets to reduce memory usage. Loaded Objects now: 2939.
Total: 4.027541 ms (FindLiveObjects: 0.171416 ms CreateObjectMapping: 0.051834 ms MarkObjects: 3.345083 ms  DeleteObjects: 0.457958 ms)

AssetImportParameters requested are different than current active one (requested -> active):
  custom:video-decoder-ogg-theora: a1e56fd34408186e4bbccfd4996cb3dc -> 
  custom:container-muxer-webm: aa71ff27fc2769a1b78a27578f13a17b -> 
  custom:container-demuxer-webm: 4f35f7cbe854078d1ac9338744f61a02 -> 
  custom:container-demuxer-ogg: 62fdf1f143b41e24485cea50d1cbac27 -> 
  custom:video-encoder-webm-vp8: eb34c28f22e8b96e1ab97ce403110664 -> 
  custom:framework-osx-AVFoundation: e770b220cccbd017edd2c1fefb359320 -> 
  custom:video-decoder-webm-vp8: 9c59270c3fd7afecdb556c50c9e8de78 -> 
  custom:audio-decoder-ogg-vorbis: bf7c407c2cedff20999df2af8eb42d56 -> 
  custom:audio-encoder-webm-vorbis: bf7c407c2cedff20999df2af8eb42d56 -> 
========================================================================
Received Import Request.
  Time since last request: 148.848064 seconds.
  path: Assets/GamePieces/G_Barn.prefab
  artifactKey: Guid(c474d55d3bfc1cd4799868a8397beb95) Importer(815301076,1909f56bfc062723c751e8b465ee728b)
Start importing Assets/GamePieces/G_Barn.prefab using Guid(c474d55d3bfc1cd4799868a8397beb95) Importer(815301076,1909f56bfc062723c751e8b465ee728b)  -> (artifact id: '4101a2c42b2a59ed4fc1a40df677d4e1') in 0.274301 seconds 
========================================================================
Received Import Request.
  Time since last request: 45.113671 seconds.
  path: Assets/GamePieces/G_Barn.prefab
  artifactKey: Guid(c474d55d3bfc1cd4799868a8397beb95) Importer(815301076,1909f56bfc062723c751e8b465ee728b)
Start importing Assets/GamePieces/G_Barn.prefab using Guid(c474d55d3bfc1cd4799868a8397beb95) Importer(815301076,1909f56bfc062723c751e8b465ee728b)  -> (artifact id: 'f67be8c9e0ed9a0eb7a03a5981a04f6e') in 0.075171 seconds 
AssetImportWorkerClient::OnTransportError - code=2 error=End of file
